[0m00:23:37.216888 [debug] [MainThread]: Sending event: {'category': 'dbt', 'action': 'invocation', 'label': 'start', 'context': [<snowplow_tracker.self_describing_json.SelfDescribingJson object at 0x74c44666fcb0>, <snowplow_tracker.self_describing_json.SelfDescribingJson object at 0x74c445dc3d90>, <snowplow_tracker.self_describing_json.SelfDescribingJson object at 0x74c4456c3d90>]}


============================== 00:23:37.221693 | d820df5c-a868-4e1b-891d-e9ab423032b4 ==============================
[0m00:23:37.221693 [info ] [MainThread]: Running with dbt=1.10.13
[0m00:23:37.222301 [debug] [MainThread]: running dbt with arguments {'quiet': 'False', 'introspect': 'True', 'use_experimental_parser': 'False', 'version_check': 'True', 'log_path': 'logs', 'warn_error': 'None', 'log_format': 'default', 'invocation_command': 'dbt init nomba_analytics', 'partial_parse': 'True', 'send_anonymous_usage_stats': 'True', 'indirect_selection': 'eager', 'profiles_dir': '/home/adewale/.dbt', 'target_path': 'None', 'fail_fast': 'False', 'debug': 'False', 'printer_width': '80', 'no_print': 'None', 'static_parser': 'True', 'write_json': 'True', 'log_cache_events': 'False', 'empty': 'None', 'warn_error_options': 'WarnErrorOptionsV2(error=[], warn=[], silence=[])', 'use_colors': 'True', 'cache_selected_only': 'False'}
[0m00:23:37.244317 [info ] [MainThread]: Creating dbt configuration folder at /home/adewale/.dbt
[0m00:23:37.246883 [debug] [MainThread]: Starter project path: /home/adewale/nomba-data-pipeline/dbt/venv/lib/python3.13/site-packages/dbt/include/starter_project
[0m00:23:37.250286 [info ] [MainThread]: 
Your new dbt project "nomba_analytics" was created!

For more information on how to configure the profiles.yml file,
please consult the dbt documentation here:

  https://docs.getdbt.com/docs/configure-your-profile

One more thing:

Need help? Don't hesitate to reach out to us via GitHub issues or on Slack:

  https://community.getdbt.com/

Happy modeling!

[0m00:23:37.250815 [info ] [MainThread]: Setting up your profile.
[0m00:28:25.384564 [info ] [MainThread]: Profile nomba_analytics written to /home/adewale/.dbt/profiles.yml using target's profile_template.yml and your supplied values. Run 'dbt debug' to validate the connection.
[0m00:28:25.391664 [debug] [MainThread]: Resource report: {"command_name": "init", "command_success": true, "command_wall_clock_time": 288.23993, "process_in_blocks": "320", "process_kernel_time": 0.21703, "process_mem_max_rss": "104556", "process_out_blocks": "80", "process_user_time": 2.124293}
[0m00:28:25.394641 [debug] [MainThread]: Command `dbt init` succeeded at 00:28:25.394009 after 288.24 seconds
[0m00:28:25.397046 [debug] [MainThread]: Sending event: {'category': 'dbt', 'action': 'invocation', 'label': 'end', 'context': [<snowplow_tracker.self_describing_json.SelfDescribingJson object at 0x74c44556ac40>, <snowplow_tracker.self_describing_json.SelfDescribingJson object at 0x74c44653f2f0>, <snowplow_tracker.self_describing_json.SelfDescribingJson object at 0x74c44557d370>]}
[0m00:28:25.399507 [debug] [MainThread]: Flushing usage events
[0m00:28:29.027168 [debug] [MainThread]: An error was encountered while trying to flush usage events
[0m00:31:05.073903 [debug] [MainThread]: Sending event: {'category': 'dbt', 'action': 'invocation', 'label': 'start', 'context': [<snowplow_tracker.self_describing_json.SelfDescribingJson object at 0x7014fad63cb0>, <snowplow_tracker.self_describing_json.SelfDescribingJson object at 0x7014fa4b7d90>, <snowplow_tracker.self_describing_json.SelfDescribingJson object at 0x7014f9db7d90>]}


============================== 00:31:05.079526 | cf92e258-e44a-45cd-89d4-5c703290ce14 ==============================
[0m00:31:05.079526 [info ] [MainThread]: Running with dbt=1.10.13
[0m00:31:05.080430 [debug] [MainThread]: running dbt with arguments {'log_format': 'default', 'warn_error_options': 'WarnErrorOptionsV2(error=[], warn=[], silence=[])', 'warn_error': 'None', 'version_check': 'True', 'debug': 'False', 'write_json': 'True', 'log_path': 'logs', 'log_cache_events': 'False', 'static_parser': 'True', 'indirect_selection': 'eager', 'empty': 'None', 'profiles_dir': '/home/adewale/.dbt', 'use_experimental_parser': 'False', 'introspect': 'True', 'no_print': 'None', 'send_anonymous_usage_stats': 'True', 'target_path': 'None', 'use_colors': 'True', 'quiet': 'False', 'cache_selected_only': 'False', 'invocation_command': 'dbt debug', 'fail_fast': 'False', 'printer_width': '80', 'partial_parse': 'True'}
[0m00:31:05.101197 [info ] [MainThread]: dbt version: 1.10.13
[0m00:31:05.101809 [info ] [MainThread]: python version: 3.13.7
[0m00:31:05.102496 [info ] [MainThread]: python path: /home/adewale/nomba-data-pipeline/dbt/venv/bin/python3
[0m00:31:05.103296 [info ] [MainThread]: os info: Linux-6.17.0-6-generic-x86_64-with-glibc2.42
[0m00:31:05.176270 [info ] [MainThread]: Using profiles dir at /home/adewale/.dbt
[0m00:31:05.176847 [info ] [MainThread]: Using profiles.yml file at /home/adewale/.dbt/profiles.yml
[0m00:31:05.177259 [info ] [MainThread]: Using dbt_project.yml file at /home/adewale/nomba-data-pipeline/dbt/dbt_project.yml
[0m00:31:05.178049 [info ] [MainThread]: adapter type: postgres
[0m00:31:05.178691 [info ] [MainThread]: adapter version: 1.9.1
[0m00:31:05.179316 [info ] [MainThread]: Configuration:
[0m00:31:05.180601 [info ] [MainThread]:   profiles.yml file [[32mOK found and valid[0m]
[0m00:31:05.180997 [info ] [MainThread]:   dbt_project.yml file [[31mERROR not found[0m]
[0m00:31:05.181358 [info ] [MainThread]: Required dependencies:
[0m00:31:05.181764 [debug] [MainThread]: Executing "git --help"
[0m00:31:05.186803 [debug] [MainThread]: STDOUT: "b"usage: git [-v | --version] [-h | --help] [-C <path>] [-c <name>=<value>]\n           [--exec-path[=<path>]] [--html-path] [--man-path] [--info-path]\n           [-p | --paginate | -P | --no-pager] [--no-replace-objects] [--no-lazy-fetch]\n           [--no-optional-locks] [--no-advice] [--bare] [--git-dir=<path>]\n           [--work-tree=<path>] [--namespace=<name>] [--config-env=<name>=<envvar>]\n           <command> [<args>]\n\nThese are common Git commands used in various situations:\n\nstart a working area (see also: git help tutorial)\n   clone      Clone a repository into a new directory\n   init       Create an empty Git repository or reinitialize an existing one\n\nwork on the current change (see also: git help everyday)\n   add        Add file contents to the index\n   mv         Move or rename a file, a directory, or a symlink\n   restore    Restore working tree files\n   rm         Remove files from the working tree and from the index\n\nexamine the history and state (see also: git help revisions)\n   bisect     Use binary search to find the commit that introduced a bug\n   diff       Show changes between commits, commit and working tree, etc\n   grep       Print lines matching a pattern\n   log        Show commit logs\n   show       Show various types of objects\n   status     Show the working tree status\n\ngrow, mark and tweak your common history\n   backfill   Download missing objects in a partial clone\n   branch     List, create, or delete branches\n   commit     Record changes to the repository\n   merge      Join two or more development histories together\n   rebase     Reapply commits on top of another base tip\n   reset      Reset current HEAD to the specified state\n   switch     Switch branches\n   tag        Create, list, delete or verify a tag object signed with GPG\n\ncollaborate (see also: git help workflows)\n   fetch      Download objects and refs from another repository\n   pull       Fetch from and integrate with another repository or a local branch\n   push       Update remote refs along with associated objects\n\n'git help -a' and 'git help -g' list available subcommands and some\nconcept guides. See 'git help <command>' or 'git help <concept>'\nto read about a specific subcommand or concept.\nSee 'git help git' for an overview of the system.\n""
[0m00:31:05.188470 [debug] [MainThread]: STDERR: "b''"
[0m00:31:05.189220 [info ] [MainThread]:  - git [[32mOK found[0m]

[0m00:31:05.190043 [info ] [MainThread]: Connection:
[0m00:31:05.190879 [info ] [MainThread]:   host: localhost
[0m00:31:05.191550 [info ] [MainThread]:   port: 5433
[0m00:31:05.192203 [info ] [MainThread]:   user: postgres
[0m00:31:05.192891 [info ] [MainThread]:   database: warehouse
[0m00:31:05.193595 [info ] [MainThread]:   schema: analytics
[0m00:31:05.194390 [info ] [MainThread]:   connect_timeout: 10
[0m00:31:05.195326 [info ] [MainThread]:   role: None
[0m00:31:05.196189 [info ] [MainThread]:   search_path: None
[0m00:31:05.196878 [info ] [MainThread]:   keepalives_idle: 0
[0m00:31:05.197698 [info ] [MainThread]:   sslmode: None
[0m00:31:05.198349 [info ] [MainThread]:   sslcert: None
[0m00:31:05.199011 [info ] [MainThread]:   sslkey: None
[0m00:31:05.199665 [info ] [MainThread]:   sslrootcert: None
[0m00:31:05.200297 [info ] [MainThread]:   application_name: dbt
[0m00:31:05.200944 [info ] [MainThread]:   retries: 1
[0m00:31:05.201851 [info ] [MainThread]: Registered adapter: postgres=1.9.1
[0m00:31:05.318740 [debug] [MainThread]: Acquiring new postgres connection 'debug'
[0m00:31:05.354101 [debug] [MainThread]: Using postgres connection "debug"
[0m00:31:05.354857 [debug] [MainThread]: On debug: select 1 as id
[0m00:31:05.355520 [debug] [MainThread]: Opening a new connection, currently in state init
[0m00:31:05.358658 [debug] [MainThread]: Postgres adapter: Got a retryable error when attempting to open a postgres connection.
1 attempts remaining. Retrying in 0 seconds.
Error:
connection to server at "localhost" (127.0.0.1), port 5433 failed: Connection refused
	Is the server running on that host and accepting TCP/IP connections?

[0m00:31:05.362463 [debug] [MainThread]: Postgres adapter: Error running SQL: select 1 as id
[0m00:31:05.365280 [debug] [MainThread]: Postgres adapter: Rolling back transaction.
[0m00:31:05.365920 [debug] [MainThread]: On debug: No close available on handle
[0m00:31:05.366316 [info ] [MainThread]:   Connection test: [[31mERROR[0m]

[0m00:31:05.366831 [info ] [MainThread]: [31m2 checks failed:[0m
[0m00:31:05.367249 [info ] [MainThread]: Project loading failed for the following reason:
 project path </home/adewale/nomba-data-pipeline/dbt/dbt_project.yml> not found

[0m00:31:05.367790 [info ] [MainThread]: dbt was unable to connect to the specified database.
The database returned the following error:

  >Database Error
  connection to server at "localhost" (127.0.0.1), port 5433 failed: Connection refused
  	Is the server running on that host and accepting TCP/IP connections?
  

Check your database credentials and try again. For more information, visit:
https://docs.getdbt.com/docs/configure-your-profile


[0m00:31:05.369465 [debug] [MainThread]: Resource report: {"command_name": "debug", "command_success": false, "command_wall_clock_time": 0.3681099, "process_in_blocks": "288", "process_kernel_time": 0.214121, "process_mem_max_rss": "111812", "process_out_blocks": "32", "process_user_time": 2.18524}
[0m00:31:05.370369 [debug] [MainThread]: Command `dbt debug` failed at 00:31:05.370173 after 0.37 seconds
[0m00:31:05.371034 [debug] [MainThread]: Connection 'debug' was properly closed.
[0m00:31:05.371754 [debug] [MainThread]: Sending event: {'category': 'dbt', 'action': 'invocation', 'label': 'end', 'context': [<snowplow_tracker.self_describing_json.SelfDescribingJson object at 0x7014f8711480>, <snowplow_tracker.self_describing_json.SelfDescribingJson object at 0x7014f92e20f0>, <snowplow_tracker.self_describing_json.SelfDescribingJson object at 0x7014f9c75e10>]}
[0m00:31:05.372289 [debug] [MainThread]: Flushing usage events
[0m00:31:08.873737 [debug] [MainThread]: An error was encountered while trying to flush usage events
